  📊 Dashboard: http://localhost:8081
╔══════════════════════════════════════════════════════════════════════╗
║                            PAPER TRADING                            ║
╚══════════════════════════════════════════════════════════════════════╝
  [Termux] Wake lock acquired
========================================================================
  INDODAX TRADING BOT — PAPER | Phantom-Aware | Super-Adaptive
========================================================================

[2026-07-03 17:54:29]
------------------------------------------------------------------------
  Open positions: 3
  ⛔ BLOCKED: Max positions reached


  ── Portfolio ──
  Balance: Rp500,463 | P&L: +463 IDR
  Win rate: 75.0% (9W/3L) | Avg win: 0.15% | Avg loss: 0.00%
  Open positions: 3
  Market: unknown

  Sleeping 300s...
────────────────────────────────────────────────────────────────────────
========================================================================
  INDODAX TRADING BOT — PAPER | Phantom-Aware | Super-Adaptive
========================================================================

[2026-07-03 17:59:31]
------------------------------------------------------------------------
  Open positions: 3
  ⛔ BLOCKED: Max positions reached


  ── Portfolio ──
  Balance: Rp500,463 | P&L: +463 IDR
  Win rate: 75.0% (9W/3L) | Avg win: 0.15% | Avg loss: 0.00%
  Open positions: 3
  Market: unknown

  Sleeping 300s...
────────────────────────────────────────────────────────────────────────
========================================================================
  INDODAX TRADING BOT — PAPER | Phantom-Aware | Super-Adaptive
========================================================================

[2026-07-03 18:04:33]
------------------------------------------------------------------------
  Open positions: 3
  ⛔ BLOCKED: Max positions reached


  ── Portfolio ──
  Balance: Rp500,463 | P&L: +463 IDR
  Win rate: 75.0% (9W/3L) | Avg win: 0.15% | Avg loss: 0.00%
  Open positions: 3
  Market: unknown

  Sleeping 300s...
────────────────────────────────────────────────────────────────────────
========================================================================
  INDODAX TRADING BOT — PAPER | Phantom-Aware | Super-Adaptive
========================================================================

[2026-07-03 18:09:35]
------------------------------------------------------------------------
  Open positions: 3
  ⛔ BLOCKED: Max positions reached


  ── Portfolio ──
  Balance: Rp500,463 | P&L: +463 IDR
  Win rate: 75.0% (9W/3L) | Avg win: 0.15% | Avg loss: 0.00%
  Open positions: 3
  Market: unknown

  Sleeping 300s...
────────────────────────────────────────────────────────────────────────
========================================================================
  INDODAX TRADING BOT — PAPER | Phantom-Aware | Super-Adaptive
========================================================================

[2026-07-03 18:14:36]
------------------------------------------------------------------------
  Open positions: 3
  ⛔ BLOCKED: Max positions reached


  ── Portfolio ──
  Balance: Rp500,463 | P&L: +463 IDR
  Win rate: 75.0% (9W/3L) | Avg win: 0.15% | Avg loss: 0.00%
  Open positions: 3
  Market: unknown

  Sleeping 300s...
────────────────────────────────────────────────────────────────────────
========================================================================
  INDODAX TRADING BOT — PAPER | Phantom-Aware | Super-Adaptive
========================================================================

[2026-07-03 18:19:38]
------------------------------------------------------------------------
  Open positions: 3
  ⛔ BLOCKED: Max positions reached


  ── Portfolio ──
  Balance: Rp500,463 | P&L: +463 IDR
  Win rate: 75.0% (9W/3L) | Avg win: 0.15% | Avg loss: 0.00%
  Open positions: 3
  Market: unknown

  Sleeping 300s...
────────────────────────────────────────────────────────────────────────
========================================================================
  INDODAX TRADING BOT — PAPER | Phantom-Aware | Super-Adaptive
========================================================================

[2026-07-03 18:24:39]
------------------------------------------------------------------------
  Open positions: 3
  ⛔ BLOCKED: Max positions reached


  ── Portfolio ──
  Balance: Rp500,463 | P&L: +463 IDR
  Win rate: 75.0% (9W/3L) | Avg win: 0.15% | Avg loss: 0.00%
  Open positions: 3
  Market: unknown

  Sleeping 300s...
────────────────────────────────────────────────────────────────────────
